

*******************************************************************************
Wed Dec  6 10:04:31 2023


FIT:    data read from '../degreeDistribution.csv' using (log($1)):(log($2))
        format = x:z
        #datapoints = 199
        residuals are weighted equally (unit weight)

function used for fitting: f(x)
	f(x) = lc - gamma * x
fitted parameters initialized with current variable values

iter      chisq       delta/lim  lambda   lc            gamma        
   0 7.9039213112e+03   0.00e+00  3.22e+00    1.000000e+00   1.000000e+00
   4 7.3562572818e+01  -1.58e-08  3.22e-04    2.342979e+00   2.705555e+00

After 4 iterations the fit converged.
final sum of squares of residuals : 73.5626
rel. change during last iteration : -1.58215e-13

degrees of freedom    (FIT_NDF)                        : 197
rms of residuals      (FIT_STDFIT) = sqrt(WSSR/ndf)    : 0.611076
variance of residuals (reduced chisquare) = WSSR/ndf   : 0.373414

Final set of parameters            Asymptotic Standard Error
=======================            ==========================
lc              = 2.34298          +/- 0.1971       (8.414%)
gamma           = 2.70556          +/- 0.04438      (1.64%)

correlation matrix of the fit parameters:
                lc     gamma  
lc              1.000 
gamma           0.976  1.000 


*******************************************************************************
Wed Dec  6 10:04:53 2023


FIT:    data read from '../degreeDistribution.csv' using (log($1)):(log($2))
        format = x:z
        #datapoints = 199
        residuals are weighted equally (unit weight)

function used for fitting: f(x)
	f(x) = lc - gamma * x
fitted parameters initialized with current variable values

iter      chisq       delta/lim  lambda   lc            gamma        
   0 7.9039213112e+03   0.00e+00  3.22e+00    1.000000e+00   1.000000e+00
   4 7.3562572818e+01  -1.58e-08  3.22e-04    2.342979e+00   2.705555e+00

After 4 iterations the fit converged.
final sum of squares of residuals : 73.5626
rel. change during last iteration : -1.58215e-13

degrees of freedom    (FIT_NDF)                        : 197
rms of residuals      (FIT_STDFIT) = sqrt(WSSR/ndf)    : 0.611076
variance of residuals (reduced chisquare) = WSSR/ndf   : 0.373414

Final set of parameters            Asymptotic Standard Error
=======================            ==========================
lc              = 2.34298          +/- 0.1971       (8.414%)
gamma           = 2.70556          +/- 0.04438      (1.64%)

correlation matrix of the fit parameters:
                lc     gamma  
lc              1.000 
gamma           0.976  1.000 


*******************************************************************************
Wed Dec  6 10:05:58 2023


FIT:    data read from '../degreeDistribution.csv' using (log($1)):(log($2))
        format = x:z
        #datapoints = 199
        residuals are weighted equally (unit weight)

function used for fitting: f(x)
	f(x) = lc - gamma * x
fitted parameters initialized with current variable values

iter      chisq       delta/lim  lambda   lc            gamma        
   0 7.9039213112e+03   0.00e+00  3.22e+00    1.000000e+00   1.000000e+00
   4 7.3562572818e+01  -1.58e-08  3.22e-04    2.342979e+00   2.705555e+00

After 4 iterations the fit converged.
final sum of squares of residuals : 73.5626
rel. change during last iteration : -1.58215e-13

degrees of freedom    (FIT_NDF)                        : 197
rms of residuals      (FIT_STDFIT) = sqrt(WSSR/ndf)    : 0.611076
variance of residuals (reduced chisquare) = WSSR/ndf   : 0.373414

Final set of parameters            Asymptotic Standard Error
=======================            ==========================
lc              = 2.34298          +/- 0.1971       (8.414%)
gamma           = 2.70556          +/- 0.04438      (1.64%)

correlation matrix of the fit parameters:
                lc     gamma  
lc              1.000 
gamma           0.976  1.000 


*******************************************************************************
Wed Dec  6 10:07:05 2023


FIT:    data read from '../degreeDistribution.csv' using (log($1)):(log($2))
        format = x:z
        #datapoints = 199
        residuals are weighted equally (unit weight)

function used for fitting: f(x)
	f(x) = lc - gamma * x
fitted parameters initialized with current variable values

iter      chisq       delta/lim  lambda   lc            gamma        
   0 7.9039213112e+03   0.00e+00  3.22e+00    1.000000e+00   1.000000e+00
   4 7.3562572818e+01  -1.58e-08  3.22e-04    2.342979e+00   2.705555e+00

After 4 iterations the fit converged.
final sum of squares of residuals : 73.5626
rel. change during last iteration : -1.58215e-13

degrees of freedom    (FIT_NDF)                        : 197
rms of residuals      (FIT_STDFIT) = sqrt(WSSR/ndf)    : 0.611076
variance of residuals (reduced chisquare) = WSSR/ndf   : 0.373414

Final set of parameters            Asymptotic Standard Error
=======================            ==========================
lc              = 2.34298          +/- 0.1971       (8.414%)
gamma           = 2.70556          +/- 0.04438      (1.64%)

correlation matrix of the fit parameters:
                lc     gamma  
lc              1.000 
gamma           0.976  1.000 


*******************************************************************************
Wed Dec  6 10:07:44 2023


FIT:    data read from '../degreeDistribution.csv' using (log($1)):(log($2))
        format = x:z
        #datapoints = 199
        residuals are weighted equally (unit weight)

function used for fitting: f(x)
	f(x) = lc - gamma * x
fitted parameters initialized with current variable values

iter      chisq       delta/lim  lambda   lc            gamma        
   0 7.9039213112e+03   0.00e+00  3.22e+00    1.000000e+00   1.000000e+00
   4 7.3562572818e+01  -1.58e-08  3.22e-04    2.342979e+00   2.705555e+00

After 4 iterations the fit converged.
final sum of squares of residuals : 73.5626
rel. change during last iteration : -1.58215e-13

degrees of freedom    (FIT_NDF)                        : 197
rms of residuals      (FIT_STDFIT) = sqrt(WSSR/ndf)    : 0.611076
variance of residuals (reduced chisquare) = WSSR/ndf   : 0.373414

Final set of parameters            Asymptotic Standard Error
=======================            ==========================
lc              = 2.34298          +/- 0.1971       (8.414%)
gamma           = 2.70556          +/- 0.04438      (1.64%)

correlation matrix of the fit parameters:
                lc     gamma  
lc              1.000 
gamma           0.976  1.000 


*******************************************************************************
Wed Dec  6 10:10:22 2023


FIT:    data read from '../degreeDistribution.csv' using (log($1)):(log($2))
        format = x:z
        #datapoints = 199
        residuals are weighted equally (unit weight)

function used for fitting: f(x)
	f(x) = lc - gamma * x
fitted parameters initialized with current variable values

iter      chisq       delta/lim  lambda   lc            gamma        
   0 7.9039213112e+03   0.00e+00  3.22e+00    1.000000e+00   1.000000e+00
   4 7.3562572818e+01  -1.58e-08  3.22e-04    2.342979e+00   2.705555e+00

After 4 iterations the fit converged.
final sum of squares of residuals : 73.5626
rel. change during last iteration : -1.58215e-13

degrees of freedom    (FIT_NDF)                        : 197
rms of residuals      (FIT_STDFIT) = sqrt(WSSR/ndf)    : 0.611076
variance of residuals (reduced chisquare) = WSSR/ndf   : 0.373414

Final set of parameters            Asymptotic Standard Error
=======================            ==========================
lc              = 2.34298          +/- 0.1971       (8.414%)
gamma           = 2.70556          +/- 0.04438      (1.64%)

correlation matrix of the fit parameters:
                lc     gamma  
lc              1.000 
gamma           0.976  1.000 


*******************************************************************************
Wed Dec  6 10:18:18 2023


FIT:    data read from 'degreeDistribution.csv' using (log($1)):(log($2))
        format = x:z
        #datapoints = 199
        residuals are weighted equally (unit weight)

function used for fitting: f(x)
	f(x) = lc - gamma * x
fitted parameters initialized with current variable values

iter      chisq       delta/lim  lambda   lc            gamma        
   0 7.9039213112e+03   0.00e+00  3.22e+00    1.000000e+00   1.000000e+00
   4 7.3562572818e+01  -1.58e-08  3.22e-04    2.342979e+00   2.705555e+00

After 4 iterations the fit converged.
final sum of squares of residuals : 73.5626
rel. change during last iteration : -1.58215e-13

degrees of freedom    (FIT_NDF)                        : 197
rms of residuals      (FIT_STDFIT) = sqrt(WSSR/ndf)    : 0.611076
variance of residuals (reduced chisquare) = WSSR/ndf   : 0.373414

Final set of parameters            Asymptotic Standard Error
=======================            ==========================
lc              = 2.34298          +/- 0.1971       (8.414%)
gamma           = 2.70556          +/- 0.04438      (1.64%)

correlation matrix of the fit parameters:
                lc     gamma  
lc              1.000 
gamma           0.976  1.000 


*******************************************************************************
Wed Dec  6 10:21:54 2023


FIT:    data read from 'degreeDistribution.csv' using (log($1)):(log($2))
        format = x:z
        #datapoints = 199
        residuals are weighted equally (unit weight)

function used for fitting: f(x)
	f(x) = lc - gamma * x
fitted parameters initialized with current variable values

iter      chisq       delta/lim  lambda   lc            gamma        
   0 7.9039213112e+03   0.00e+00  3.22e+00    1.000000e+00   1.000000e+00
   4 7.3562572818e+01  -1.58e-08  3.22e-04    2.342979e+00   2.705555e+00

After 4 iterations the fit converged.
final sum of squares of residuals : 73.5626
rel. change during last iteration : -1.58215e-13

degrees of freedom    (FIT_NDF)                        : 197
rms of residuals      (FIT_STDFIT) = sqrt(WSSR/ndf)    : 0.611076
variance of residuals (reduced chisquare) = WSSR/ndf   : 0.373414

Final set of parameters            Asymptotic Standard Error
=======================            ==========================
lc              = 2.34298          +/- 0.1971       (8.414%)
gamma           = 2.70556          +/- 0.04438      (1.64%)

correlation matrix of the fit parameters:
                lc     gamma  
lc              1.000 
gamma           0.976  1.000 


*******************************************************************************
Wed Dec  6 10:23:02 2023


FIT:    data read from 'degreeDistribution.csv' using (log($1)):(log($2))
        format = x:z
        #datapoints = 199
        residuals are weighted equally (unit weight)

function used for fitting: f(x)
	f(x) = lc - gamma * x
fitted parameters initialized with current variable values

iter      chisq       delta/lim  lambda   lc            gamma        
   0 7.9039213112e+03   0.00e+00  3.22e+00    1.000000e+00   1.000000e+00
   4 7.3562572818e+01  -1.58e-08  3.22e-04    2.342979e+00   2.705555e+00

After 4 iterations the fit converged.
final sum of squares of residuals : 73.5626
rel. change during last iteration : -1.58215e-13

degrees of freedom    (FIT_NDF)                        : 197
rms of residuals      (FIT_STDFIT) = sqrt(WSSR/ndf)    : 0.611076
variance of residuals (reduced chisquare) = WSSR/ndf   : 0.373414

Final set of parameters            Asymptotic Standard Error
=======================            ==========================
lc              = 2.34298          +/- 0.1971       (8.414%)
gamma           = 2.70556          +/- 0.04438      (1.64%)

correlation matrix of the fit parameters:
                lc     gamma  
lc              1.000 
gamma           0.976  1.000 
