

*******************************************************************************
Wed Dec  6 10:13:03 2023


FIT:    data read from '../degreeDistribution.csv' using (log($1)):(log($2))
        format = x:z
        #datapoints = 199
        residuals are weighted equally (unit weight)

function used for fitting: f(x)
	f(x) = lc - gamma * x
fitted parameters initialized with current variable values

iter      chisq       delta/lim  lambda   lc            gamma        
   0 7.9039213112e+03   0.00e+00  3.22e+00    1.000000e+00   1.000000e+00
   4 7.3562572818e+01  -1.58e-08  3.22e-04    2.342979e+00   2.705555e+00

After 4 iterations the fit converged.
final sum of squares of residuals : 73.5626
rel. change during last iteration : -1.58215e-13

degrees of freedom    (FIT_NDF)                        : 197
rms of residuals      (FIT_STDFIT) = sqrt(WSSR/ndf)    : 0.611076
variance of residuals (reduced chisquare) = WSSR/ndf   : 0.373414

Final set of parameters            Asymptotic Standard Error
=======================            ==========================
lc              = 2.34298          +/- 0.1971       (8.414%)
gamma           = 2.70556          +/- 0.04438      (1.64%)

correlation matrix of the fit parameters:
                lc     gamma  
lc              1.000 
gamma           0.976  1.000 


*******************************************************************************
Wed Dec  6 10:15:22 2023


FIT:    data read from 'degreeDistribution.csv' using (log($1)):(log($2))
        format = x:z
        #datapoints = 22
        residuals are weighted equally (unit weight)

function used for fitting: f(x)
	f(x) = lc - gamma * x
fitted parameters initialized with current variable values

iter      chisq       delta/lim  lambda   lc            gamma        
   0 6.0720047330e+02   0.00e+00  1.80e+00    1.000000e+00   1.000000e+00
   3 1.6410017631e+02  -8.17e-03  1.80e-03    5.949722e-01   2.750544e+00

After 3 iterations the fit converged.
final sum of squares of residuals : 164.1
rel. change during last iteration : -8.17347e-08

degrees of freedom    (FIT_NDF)                        : 20
rms of residuals      (FIT_STDFIT) = sqrt(WSSR/ndf)    : 2.86444
variance of residuals (reduced chisquare) = WSSR/ndf   : 8.20501

Final set of parameters            Asymptotic Standard Error
=======================            ==========================
lc              = 0.594972         +/- 1.783        (299.7%)
gamma           = 2.75054          +/- 0.7603       (27.64%)

correlation matrix of the fit parameters:
                lc     gamma  
lc              1.000 
gamma           0.940  1.000 


*******************************************************************************
Wed Dec  6 10:25:40 2023


FIT:    data read from 'degreeDistribution.csv' using (log($1)):(log($2))
        format = x:z
        #datapoints = 22
        residuals are weighted equally (unit weight)

function used for fitting: f(x)
	f(x) = lc - gamma * x
fitted parameters initialized with current variable values

iter      chisq       delta/lim  lambda   lc            gamma        
   0 6.0720047330e+02   0.00e+00  1.80e+00    1.000000e+00   1.000000e+00
   3 1.6410017631e+02  -8.17e-03  1.80e-03    5.949722e-01   2.750544e+00

After 3 iterations the fit converged.
final sum of squares of residuals : 164.1
rel. change during last iteration : -8.17347e-08

degrees of freedom    (FIT_NDF)                        : 20
rms of residuals      (FIT_STDFIT) = sqrt(WSSR/ndf)    : 2.86444
variance of residuals (reduced chisquare) = WSSR/ndf   : 8.20501

Final set of parameters            Asymptotic Standard Error
=======================            ==========================
lc              = 0.594972         +/- 1.783        (299.7%)
gamma           = 2.75054          +/- 0.7603       (27.64%)

correlation matrix of the fit parameters:
                lc     gamma  
lc              1.000 
gamma           0.940  1.000 


*******************************************************************************
Wed Dec  6 10:33:39 2023


FIT:    data read from 'degreeDistribution.csv' using (log($1)):(log($2))
        format = x:z
        #datapoints = 22
        residuals are weighted equally (unit weight)

function used for fitting: f(x)
	f(x) = lc - gamma * x
fitted parameters initialized with current variable values

iter      chisq       delta/lim  lambda   lc            gamma        
   0 6.0720047330e+02   0.00e+00  1.80e+00    1.000000e+00   1.000000e+00
   3 1.6410017631e+02  -8.17e-03  1.80e-03    5.949722e-01   2.750544e+00

After 3 iterations the fit converged.
final sum of squares of residuals : 164.1
rel. change during last iteration : -8.17347e-08

degrees of freedom    (FIT_NDF)                        : 20
rms of residuals      (FIT_STDFIT) = sqrt(WSSR/ndf)    : 2.86444
variance of residuals (reduced chisquare) = WSSR/ndf   : 8.20501

Final set of parameters            Asymptotic Standard Error
=======================            ==========================
lc              = 0.594972         +/- 1.783        (299.7%)
gamma           = 2.75054          +/- 0.7603       (27.64%)

correlation matrix of the fit parameters:
                lc     gamma  
lc              1.000 
gamma           0.940  1.000 
